<?xml version="1.0" encoding="UTF-8"?>
<testsuite name="agh.ics.oop.MapDirectionTest" tests="1" skipped="0" failures="0" errors="0" timestamp="2022-10-26T16:02:14" hostname="LAPTOP-6J70ATOR" time="0.03">
  <properties/>
  <testcase name="nextTest()" classname="agh.ics.oop.MapDirectionTest" time="0.03"/>
  <system-out><![CDATA[Test metody next()
]]></system-out>
  <system-err><![CDATA[]]></system-err>
</testsuite>
