<?xml version="1.0" encoding="UTF-8"?>
<testsuite name="agh.ics.oop.Vector2dTest" tests="9" skipped="0" failures="0" errors="0" timestamp="2022-10-22T11:24:46" hostname="LAPTOP-6J70ATOR" time="0.041">
  <properties/>
  <testcase name="upperRightTest()" classname="agh.ics.oop.Vector2dTest" time="0.02"/>
  <testcase name="addTest()" classname="agh.ics.oop.Vector2dTest" time="0.001"/>
  <testcase name="precedesTest()" classname="agh.ics.oop.Vector2dTest" time="0.009"/>
  <testcase name="oppositeTest()" classname="agh.ics.oop.Vector2dTest" time="0.001"/>
  <testcase name="lowerLeftTest()" classname="agh.ics.oop.Vector2dTest" time="0.001"/>
  <testcase name="equalsTest()" classname="agh.ics.oop.Vector2dTest" time="0.002"/>
  <testcase name="toStringTest()" classname="agh.ics.oop.Vector2dTest" time="0.001"/>
  <testcase name="subtractTest()" classname="agh.ics.oop.Vector2dTest" time="0.001"/>
  <testcase name="followsTest()" classname="agh.ics.oop.Vector2dTest" time="0.002"/>
  <system-out><![CDATA[Test metody upperRight()
Test metody add()
Test metody precedes(): Test metody opposite()
Test metody lowerLeft()
Test metody equals()
Test metody toString()
Test metody subtract()
Test metody follows()
]]></system-out>
  <system-err><![CDATA[]]></system-err>
</testsuite>
